{"C:\\Users\\Jerry\\repos\\SOFE3980U-FinalProject\\backend\\Airport.js": {"path":"C:\\Users\\Jerry\\repos\\SOFE3980U-FinalProject\\backend\\Airport.js","statementMap":{"0":{"start":{"line":3,"column":19},"end":{"line":5,"column":1}},"1":{"start":{"line":4,"column":4},"end":{"line":4,"column":38}},"2":{"start":{"line":7,"column":0},"end":{"line":11,"column":1}},"3":{"start":{"line":13,"column":18},"end":{"line":20,"column":1}},"4":{"start":{"line":14,"column":4},"end":{"line":18,"column":5}},"5":{"start":{"line":14,"column":16},"end":{"line":14,"column":17}},"6":{"start":{"line":15,"column":8},"end":{"line":17,"column":9}},"7":{"start":{"line":16,"column":12},"end":{"line":16,"column":46}},"8":{"start":{"line":19,"column":4},"end":{"line":19,"column":16}},"9":{"start":{"line":22,"column":0},"end":{"line":26,"column":2}}},"fnMap":{"0":{"name":"(anonymous_0)","decl":{"start":{"line":3,"column":19},"end":{"line":3,"column":20}},"loc":{"start":{"line":3,"column":49},"end":{"line":5,"column":1}},"line":3},"1":{"name":"(anonymous_1)","decl":{"start":{"line":13,"column":18},"end":{"line":13,"column":19}},"loc":{"start":{"line":13,"column":26},"end":{"line":20,"column":1}},"line":13}},"branchMap":{"0":{"loc":{"start":{"line":15,"column":8},"end":{"line":17,"column":9}},"type":"if","locations":[{"start":{"line":15,"column":8},"end":{"line":17,"column":9}},{"start":{},"end":{}}],"line":15}},"s":{"0":2,"1":6,"2":2,"3":2,"4":8,"5":8,"6":17,"7":7,"8":1,"9":2},"f":{"0":6,"1":8},"b":{"0":[7,10]},"_coverageSchema":"1a1c01bbd47fc00a2c39e90264f33305004495a9","hash":"7a01e0e881735720700ac91729fd505486234057"}
,"C:\\Users\\Jerry\\repos\\SOFE3980U-FinalProject\\backend\\Flight.js": {"path":"C:\\Users\\Jerry\\repos\\SOFE3980U-FinalProject\\backend\\Flight.js","statementMap":{"0":{"start":{"line":2,"column":18},"end":{"line":13,"column":1}},"1":{"start":{"line":3,"column":4},"end":{"line":12,"column":6}},"2":{"start":{"line":15,"column":25},"end":{"line":19,"column":1}},"3":{"start":{"line":16,"column":23},"end":{"line":16,"column":52}},"4":{"start":{"line":17,"column":23},"end":{"line":17,"column":52}},"5":{"start":{"line":18,"column":4},"end":{"line":18,"column":45}},"6":{"start":{"line":21,"column":0},"end":{"line":24,"column":2}},"7":{"start":{"line":26,"column":0},"end":{"line":30,"column":1}}},"fnMap":{"0":{"name":"(anonymous_0)","decl":{"start":{"line":2,"column":18},"end":{"line":2,"column":19}},"loc":{"start":{"line":2,"column":116},"end":{"line":13,"column":1}},"line":2},"1":{"name":"(anonymous_1)","decl":{"start":{"line":15,"column":25},"end":{"line":15,"column":26}},"loc":{"start":{"line":15,"column":77},"end":{"line":19,"column":1}},"line":15}},"branchMap":{},"s":{"0":1,"1":4,"2":1,"3":2,"4":2,"5":2,"6":1,"7":1},"f":{"0":4,"1":2},"b":{},"_coverageSchema":"1a1c01bbd47fc00a2c39e90264f33305004495a9","hash":"4ec1dd6fb77622680363554a4c676e940e69298f"}
}
